   1               		.file	"main.c"
   2               	__SP_H__ = 0x3e
   3               	__SP_L__ = 0x3d
   4               	__SREG__ = 0x3f
   5               	__tmp_reg__ = 0
   6               	__zero_reg__ = 1
   7               		.stabs	"/home/peter/projects/avr/atmega32a/blink_led_1/",100,0,2,.Ltext0
   8               		.stabs	"main.c",100,0,2,.Ltext0
   9               		.text
  10               	.Ltext0:
  11               		.stabs	"gcc2_compiled.",60,0,0,0
  12               		.stabs	"int:t(0,1)=r(0,1);-32768;32767;",128,0,0,0
  13               		.stabs	"char:t(0,2)=r(0,2);0;127;",128,0,0,0
  14               		.stabs	"long int:t(0,3)=@s32;r(0,3);020000000000;017777777777;",128,0,0,0
  15               		.stabs	"unsigned int:t(0,4)=r(0,4);0;0177777;",128,0,0,0
  16               		.stabs	"long unsigned int:t(0,5)=@s32;r(0,5);0;037777777777;",128,0,0,0
  17               		.stabs	"long long int:t(0,6)=@s64;r(0,6);01000000000000000000000;0777777777777777777777;",128,0,0,
  18               		.stabs	"long long unsigned int:t(0,7)=@s64;r(0,7);0;01777777777777777777777;",128,0,0,0
  19               		.stabs	"short int:t(0,8)=r(0,8);-32768;32767;",128,0,0,0
  20               		.stabs	"short unsigned int:t(0,9)=r(0,9);0;0177777;",128,0,0,0
  21               		.stabs	"signed char:t(0,10)=@s8;r(0,10);-128;127;",128,0,0,0
  22               		.stabs	"unsigned char:t(0,11)=@s8;r(0,11);0;255;",128,0,0,0
  23               		.stabs	"float:t(0,12)=r(0,1);4;0;",128,0,0,0
  24               		.stabs	"double:t(0,13)=r(0,1);4;0;",128,0,0,0
  25               		.stabs	"long double:t(0,14)=r(0,1);4;0;",128,0,0,0
  26               		.stabs	"short _Fract:t(0,15)=r(0,1);1;0;",128,0,0,0
  27               		.stabs	"_Fract:t(0,16)=r(0,1);2;0;",128,0,0,0
  28               		.stabs	"long _Fract:t(0,17)=r(0,1);4;0;",128,0,0,0
  29               		.stabs	"long long _Fract:t(0,18)=r(0,1);8;0;",128,0,0,0
  30               		.stabs	"unsigned short _Fract:t(0,19)=r(0,1);1;0;",128,0,0,0
  31               		.stabs	"unsigned _Fract:t(0,20)=r(0,1);2;0;",128,0,0,0
  32               		.stabs	"unsigned long _Fract:t(0,21)=r(0,1);4;0;",128,0,0,0
  33               		.stabs	"unsigned long long _Fract:t(0,22)=r(0,1);8;0;",128,0,0,0
  34               		.stabs	"_Sat short _Fract:t(0,23)=r(0,1);1;0;",128,0,0,0
  35               		.stabs	"_Sat _Fract:t(0,24)=r(0,1);2;0;",128,0,0,0
  36               		.stabs	"_Sat long _Fract:t(0,25)=r(0,1);4;0;",128,0,0,0
  37               		.stabs	"_Sat long long _Fract:t(0,26)=r(0,1);8;0;",128,0,0,0
  38               		.stabs	"_Sat unsigned short _Fract:t(0,27)=r(0,1);1;0;",128,0,0,0
  39               		.stabs	"_Sat unsigned _Fract:t(0,28)=r(0,1);2;0;",128,0,0,0
  40               		.stabs	"_Sat unsigned long _Fract:t(0,29)=r(0,1);4;0;",128,0,0,0
  41               		.stabs	"_Sat unsigned long long _Fract:t(0,30)=r(0,1);8;0;",128,0,0,0
  42               		.stabs	"short _Accum:t(0,31)=r(0,1);2;0;",128,0,0,0
  43               		.stabs	"_Accum:t(0,32)=r(0,1);4;0;",128,0,0,0
  44               		.stabs	"long _Accum:t(0,33)=r(0,1);8;0;",128,0,0,0
  45               		.stabs	"long long _Accum:t(0,34)=r(0,1);8;0;",128,0,0,0
  46               		.stabs	"unsigned short _Accum:t(0,35)=r(0,1);2;0;",128,0,0,0
  47               		.stabs	"unsigned _Accum:t(0,36)=r(0,1);4;0;",128,0,0,0
  48               		.stabs	"unsigned long _Accum:t(0,37)=r(0,1);8;0;",128,0,0,0
  49               		.stabs	"unsigned long long _Accum:t(0,38)=r(0,1);8;0;",128,0,0,0
  50               		.stabs	"_Sat short _Accum:t(0,39)=r(0,1);2;0;",128,0,0,0
  51               		.stabs	"_Sat _Accum:t(0,40)=r(0,1);4;0;",128,0,0,0
  52               		.stabs	"_Sat long _Accum:t(0,41)=r(0,1);8;0;",128,0,0,0
  53               		.stabs	"_Sat long long _Accum:t(0,42)=r(0,1);8;0;",128,0,0,0
  54               		.stabs	"_Sat unsigned short _Accum:t(0,43)=r(0,1);2;0;",128,0,0,0
  55               		.stabs	"_Sat unsigned _Accum:t(0,44)=r(0,1);4;0;",128,0,0,0
  56               		.stabs	"_Sat unsigned long _Accum:t(0,45)=r(0,1);8;0;",128,0,0,0
  57               		.stabs	"_Sat unsigned long long _Accum:t(0,46)=r(0,1);8;0;",128,0,0,0
  58               		.stabs	"void:t(0,47)=(0,47)",128,0,0,0
  59               		.stabs	"/usr/lib/avr/include/avr/io.h",130,0,0,0
  60               		.stabs	"/usr/lib/avr/include/avr/sfr_defs.h",130,0,0,0
  61               		.stabs	"/usr/lib/avr/include/inttypes.h",130,0,0,0
  62               		.stabs	"/usr/lib/gcc/avr/4.8.1/include/stdint.h",130,0,0,0
  63               		.stabs	"/usr/lib/avr/include/stdint.h",130,0,0,0
  64               		.stabs	"int8_t:t(5,1)=(0,10)",128,0,121,0
  65               		.stabs	"uint8_t:t(5,2)=(0,11)",128,0,122,0
  66               		.stabs	"int16_t:t(5,3)=(0,1)",128,0,123,0
  67               		.stabs	"uint16_t:t(5,4)=(0,4)",128,0,124,0
  68               		.stabs	"int32_t:t(5,5)=(0,3)",128,0,125,0
  69               		.stabs	"uint32_t:t(5,6)=(0,5)",128,0,126,0
  70               		.stabs	"int64_t:t(5,7)=(0,6)",128,0,128,0
  71               		.stabs	"uint64_t:t(5,8)=(0,7)",128,0,129,0
  72               		.stabs	"intptr_t:t(5,9)=(5,3)",128,0,142,0
  73               		.stabs	"uintptr_t:t(5,10)=(5,4)",128,0,147,0
  74               		.stabs	"int_least8_t:t(5,11)=(5,1)",128,0,159,0
  75               		.stabs	"uint_least8_t:t(5,12)=(5,2)",128,0,164,0
  76               		.stabs	"int_least16_t:t(5,13)=(5,3)",128,0,169,0
  77               		.stabs	"uint_least16_t:t(5,14)=(5,4)",128,0,174,0
  78               		.stabs	"int_least32_t:t(5,15)=(5,5)",128,0,179,0
  79               		.stabs	"uint_least32_t:t(5,16)=(5,6)",128,0,184,0
  80               		.stabs	"int_least64_t:t(5,17)=(5,7)",128,0,192,0
  81               		.stabs	"uint_least64_t:t(5,18)=(5,8)",128,0,199,0
  82               		.stabs	"int_fast8_t:t(5,19)=(5,1)",128,0,213,0
  83               		.stabs	"uint_fast8_t:t(5,20)=(5,2)",128,0,218,0
  84               		.stabs	"int_fast16_t:t(5,21)=(5,3)",128,0,223,0
  85               		.stabs	"uint_fast16_t:t(5,22)=(5,4)",128,0,228,0
  86               		.stabs	"int_fast32_t:t(5,23)=(5,5)",128,0,233,0
  87               		.stabs	"uint_fast32_t:t(5,24)=(5,6)",128,0,238,0
  88               		.stabs	"int_fast64_t:t(5,25)=(5,7)",128,0,246,0
  89               		.stabs	"uint_fast64_t:t(5,26)=(5,8)",128,0,253,0
  90               		.stabs	"intmax_t:t(5,27)=(5,7)",128,0,273,0
  91               		.stabs	"uintmax_t:t(5,28)=(5,8)",128,0,278,0
  92               		.stabn	162,0,0,0
  93               		.stabn	162,0,0,0
  94               		.stabs	"int_farptr_t:t(3,1)=(5,5)",128,0,77,0
  95               		.stabs	"uint_farptr_t:t(3,2)=(5,6)",128,0,81,0
  96               		.stabn	162,0,0,0
  97               		.stabn	162,0,0,0
  98               		.stabs	"/usr/lib/avr/include/avr/fuse.h",130,0,0,0
  99               		.stabs	"__fuse_t:t(6,1)=(6,2)=s2low:(0,11),0,8;high:(0,11),8,8;;",128,0,252,0
 100               		.stabn	162,0,0,0
 101               		.stabn	162,0,0,0
 102               		.section	.text.startup,"ax",@progbits
 103               		.stabs	"main:F(0,1)",36,0,17,main
 104               	.global	main
 105               		.type	main, @function
 106               	main:
 107               		.stabd	46,0,0
   1:main.c        **** /*
   2:main.c        ****  * @file    main.c
   3:main.c        ****  * @brief   Blink leds.
   4:main.c        ****  * @date    27 Apr 2016 01:47 PM
   5:main.c        ****  */
   6:main.c        **** 
   7:main.c        **** 
   8:main.c        **** #include <avr/io.h>
   9:main.c        **** #include <util/delay.h>
  10:main.c        **** 
  11:main.c        **** 
  12:main.c        **** #ifndef F_CPU
  13:main.c        **** #define F_CPU 16000000UL    /* 16 MHz clock speed */
  14:main.c        **** #endif
  15:main.c        **** 
  16:main.c        **** int
  17:main.c        **** main(void)
  18:main.c        **** {
 108               		.stabn	68,0,18,.LM0-.LFBB1
 109               	.LM0:
 110               	.LFBB1:
 111               	/* prologue: function */
 112               	/* frame size = 0 */
 113               	/* stack size = 0 */
 114               	.L__stack_usage = 0
  19:main.c        ****     DDRC = 0xFF;            /* Nakes PORTC as output */
 115               		.stabn	68,0,19,.LM1-.LFBB1
 116               	.LM1:
 117 0000 8FEF      		ldi r24,lo8(-1)
 118 0002 84BB      		out 0x14,r24
 119               	.L2:
  20:main.c        **** 
  21:main.c        ****     while (1)
  22:main.c        ****     {
  23:main.c        ****         PORTC = 0xFF;       /* turn all leds on */
 120               		.stabn	68,0,23,.LM2-.LFBB1
 121               	.LM2:
 122 0004 85BB      		out 0x15,r24
 123               	.LBB6:
 124               	.LBB7:
 125               		.stabs	"/usr/lib/avr/include/util/delay.h",132,0,0,.Ltext1
 126               	.Ltext1:
   1:/usr/lib/avr/include/util/delay.h **** /* Copyright (c) 2002, Marek Michalkiewicz
   2:/usr/lib/avr/include/util/delay.h ****    Copyright (c) 2004,2005,2007 Joerg Wunsch
   3:/usr/lib/avr/include/util/delay.h ****    Copyright (c) 2007  Florin-Viorel Petrov
   4:/usr/lib/avr/include/util/delay.h ****    All rights reserved.
   5:/usr/lib/avr/include/util/delay.h **** 
   6:/usr/lib/avr/include/util/delay.h ****    Redistribution and use in source and binary forms, with or without
   7:/usr/lib/avr/include/util/delay.h ****    modification, are permitted provided that the following conditions are met:
   8:/usr/lib/avr/include/util/delay.h **** 
   9:/usr/lib/avr/include/util/delay.h ****    * Redistributions of source code must retain the above copyright
  10:/usr/lib/avr/include/util/delay.h ****      notice, this list of conditions and the following disclaimer.
  11:/usr/lib/avr/include/util/delay.h **** 
  12:/usr/lib/avr/include/util/delay.h ****    * Redistributions in binary form must reproduce the above copyright
  13:/usr/lib/avr/include/util/delay.h ****      notice, this list of conditions and the following disclaimer in
  14:/usr/lib/avr/include/util/delay.h ****      the documentation and/or other materials provided with the
  15:/usr/lib/avr/include/util/delay.h ****      distribution.
  16:/usr/lib/avr/include/util/delay.h **** 
  17:/usr/lib/avr/include/util/delay.h ****    * Neither the name of the copyright holders nor the names of
  18:/usr/lib/avr/include/util/delay.h ****      contributors may be used to endorse or promote products derived
  19:/usr/lib/avr/include/util/delay.h ****      from this software without specific prior written permission.
  20:/usr/lib/avr/include/util/delay.h **** 
  21:/usr/lib/avr/include/util/delay.h ****   THIS SOFTWARE IS PROVIDED BY THE COPYRIGHT HOLDERS AND CONTRIBUTORS "AS IS"
  22:/usr/lib/avr/include/util/delay.h ****   AND ANY EXPRESS OR IMPLIED WARRANTIES, INCLUDING, BUT NOT LIMITED TO, THE
  23:/usr/lib/avr/include/util/delay.h ****   IMPLIED WARRANTIES OF MERCHANTABILITY AND FITNESS FOR A PARTICULAR PURPOSE
  24:/usr/lib/avr/include/util/delay.h ****   ARE DISCLAIMED. IN NO EVENT SHALL THE COPYRIGHT OWNER OR CONTRIBUTORS BE
  25:/usr/lib/avr/include/util/delay.h ****   LIABLE FOR ANY DIRECT, INDIRECT, INCIDENTAL, SPECIAL, EXEMPLARY, OR
  26:/usr/lib/avr/include/util/delay.h ****   CONSEQUENTIAL DAMAGES (INCLUDING, BUT NOT LIMITED TO, PROCUREMENT OF
  27:/usr/lib/avr/include/util/delay.h ****   SUBSTITUTE GOODS OR SERVICES; LOSS OF USE, DATA, OR PROFITS; OR BUSINESS
  28:/usr/lib/avr/include/util/delay.h ****   INTERRUPTION) HOWEVER CAUSED AND ON ANY THEORY OF LIABILITY, WHETHER IN
  29:/usr/lib/avr/include/util/delay.h ****   CONTRACT, STRICT LIABILITY, OR TORT (INCLUDING NEGLIGENCE OR OTHERWISE)
  30:/usr/lib/avr/include/util/delay.h ****   ARISING IN ANY WAY OUT OF THE USE OF THIS SOFTWARE, EVEN IF ADVISED OF THE
  31:/usr/lib/avr/include/util/delay.h ****   POSSIBILITY OF SUCH DAMAGE. */
  32:/usr/lib/avr/include/util/delay.h **** 
  33:/usr/lib/avr/include/util/delay.h **** /* $Id$ */
  34:/usr/lib/avr/include/util/delay.h **** 
  35:/usr/lib/avr/include/util/delay.h **** #ifndef _UTIL_DELAY_H_
  36:/usr/lib/avr/include/util/delay.h **** #define _UTIL_DELAY_H_ 1
  37:/usr/lib/avr/include/util/delay.h **** 
  38:/usr/lib/avr/include/util/delay.h **** #ifndef __HAS_DELAY_CYCLES
  39:/usr/lib/avr/include/util/delay.h **** #define __HAS_DELAY_CYCLES 1
  40:/usr/lib/avr/include/util/delay.h **** #endif
  41:/usr/lib/avr/include/util/delay.h **** 
  42:/usr/lib/avr/include/util/delay.h **** #include <inttypes.h>
  43:/usr/lib/avr/include/util/delay.h **** #include <util/delay_basic.h>
  44:/usr/lib/avr/include/util/delay.h **** #include <math.h>
  45:/usr/lib/avr/include/util/delay.h **** 
  46:/usr/lib/avr/include/util/delay.h **** /** \file */
  47:/usr/lib/avr/include/util/delay.h **** /** \defgroup util_delay <util/delay.h>: Convenience functions for busy-wait delay loops
  48:/usr/lib/avr/include/util/delay.h ****     \code
  49:/usr/lib/avr/include/util/delay.h ****     #define F_CPU 1000000UL  // 1 MHz
  50:/usr/lib/avr/include/util/delay.h ****     //#define F_CPU 14.7456E6
  51:/usr/lib/avr/include/util/delay.h ****     #include <util/delay.h>
  52:/usr/lib/avr/include/util/delay.h ****     \endcode
  53:/usr/lib/avr/include/util/delay.h **** 
  54:/usr/lib/avr/include/util/delay.h ****     \note As an alternative method, it is possible to pass the
  55:/usr/lib/avr/include/util/delay.h ****     F_CPU macro down to the compiler from the Makefile.
  56:/usr/lib/avr/include/util/delay.h ****     Obviously, in that case, no \c \#define statement should be
  57:/usr/lib/avr/include/util/delay.h ****     used.
  58:/usr/lib/avr/include/util/delay.h **** 
  59:/usr/lib/avr/include/util/delay.h ****     The functions in this header file are wrappers around the basic
  60:/usr/lib/avr/include/util/delay.h ****     busy-wait functions from <util/delay_basic.h>.  They are meant as
  61:/usr/lib/avr/include/util/delay.h ****     convenience functions where actual time values can be specified
  62:/usr/lib/avr/include/util/delay.h ****     rather than a number of cycles to wait for.  The idea behind is
  63:/usr/lib/avr/include/util/delay.h ****     that compile-time constant expressions will be eliminated by
  64:/usr/lib/avr/include/util/delay.h ****     compiler optimization so floating-point expressions can be used
  65:/usr/lib/avr/include/util/delay.h ****     to calculate the number of delay cycles needed based on the CPU
  66:/usr/lib/avr/include/util/delay.h ****     frequency passed by the macro F_CPU.
  67:/usr/lib/avr/include/util/delay.h **** 
  68:/usr/lib/avr/include/util/delay.h ****     \note In order for these functions to work as intended, compiler
  69:/usr/lib/avr/include/util/delay.h ****     optimizations <em>must</em> be enabled, and the delay time
  70:/usr/lib/avr/include/util/delay.h ****     <em>must</em> be an expression that is a known constant at
  71:/usr/lib/avr/include/util/delay.h ****     compile-time.  If these requirements are not met, the resulting
  72:/usr/lib/avr/include/util/delay.h ****     delay will be much longer (and basically unpredictable), and
  73:/usr/lib/avr/include/util/delay.h ****     applications that otherwise do not use floating-point calculations
  74:/usr/lib/avr/include/util/delay.h ****     will experience severe code bloat by the floating-point library
  75:/usr/lib/avr/include/util/delay.h ****     routines linked into the application.
  76:/usr/lib/avr/include/util/delay.h **** 
  77:/usr/lib/avr/include/util/delay.h ****     The functions available allow the specification of microsecond, and
  78:/usr/lib/avr/include/util/delay.h ****     millisecond delays directly, using the application-supplied macro
  79:/usr/lib/avr/include/util/delay.h ****     F_CPU as the CPU clock frequency (in Hertz).
  80:/usr/lib/avr/include/util/delay.h **** 
  81:/usr/lib/avr/include/util/delay.h **** */
  82:/usr/lib/avr/include/util/delay.h **** 
  83:/usr/lib/avr/include/util/delay.h **** #if !defined(__DOXYGEN__)
  84:/usr/lib/avr/include/util/delay.h **** static inline void _delay_us(double __us) __attribute__((always_inline));
  85:/usr/lib/avr/include/util/delay.h **** static inline void _delay_ms(double __ms) __attribute__((always_inline));
  86:/usr/lib/avr/include/util/delay.h **** #endif
  87:/usr/lib/avr/include/util/delay.h **** 
  88:/usr/lib/avr/include/util/delay.h **** #ifndef F_CPU
  89:/usr/lib/avr/include/util/delay.h **** /* prevent compiler error by supplying a default */
  90:/usr/lib/avr/include/util/delay.h **** # warning "F_CPU not defined for <util/delay.h>"
  91:/usr/lib/avr/include/util/delay.h **** # define F_CPU 1000000UL
  92:/usr/lib/avr/include/util/delay.h **** #endif
  93:/usr/lib/avr/include/util/delay.h **** 
  94:/usr/lib/avr/include/util/delay.h **** #ifndef __OPTIMIZE__
  95:/usr/lib/avr/include/util/delay.h **** # warning "Compiler optimizations disabled; functions from <util/delay.h> won't work as designed"
  96:/usr/lib/avr/include/util/delay.h **** #endif
  97:/usr/lib/avr/include/util/delay.h **** 
  98:/usr/lib/avr/include/util/delay.h **** #if __HAS_DELAY_CYCLES && defined(__OPTIMIZE__) && \
  99:/usr/lib/avr/include/util/delay.h ****   !defined(__DELAY_BACKWARD_COMPATIBLE__) &&	   \
 100:/usr/lib/avr/include/util/delay.h ****   __STDC_HOSTED__
 101:/usr/lib/avr/include/util/delay.h **** #  include <math.h>
 102:/usr/lib/avr/include/util/delay.h **** #endif
 103:/usr/lib/avr/include/util/delay.h **** 
 104:/usr/lib/avr/include/util/delay.h **** /**
 105:/usr/lib/avr/include/util/delay.h ****    \ingroup util_delay
 106:/usr/lib/avr/include/util/delay.h **** 
 107:/usr/lib/avr/include/util/delay.h ****    Perform a delay of \c __ms milliseconds, using _delay_loop_2().
 108:/usr/lib/avr/include/util/delay.h **** 
 109:/usr/lib/avr/include/util/delay.h ****    The macro F_CPU is supposed to be defined to a
 110:/usr/lib/avr/include/util/delay.h ****    constant defining the CPU clock frequency (in Hertz).
 111:/usr/lib/avr/include/util/delay.h **** 
 112:/usr/lib/avr/include/util/delay.h ****    The maximal possible delay is 262.14 ms / F_CPU in MHz.
 113:/usr/lib/avr/include/util/delay.h **** 
 114:/usr/lib/avr/include/util/delay.h ****    When the user request delay which exceed the maximum possible one,
 115:/usr/lib/avr/include/util/delay.h ****    _delay_ms() provides a decreased resolution functionality. In this
 116:/usr/lib/avr/include/util/delay.h ****    mode _delay_ms() will work with a resolution of 1/10 ms, providing
 117:/usr/lib/avr/include/util/delay.h ****    delays up to 6.5535 seconds (independent from CPU frequency).  The
 118:/usr/lib/avr/include/util/delay.h ****    user will not be informed about decreased resolution.
 119:/usr/lib/avr/include/util/delay.h **** 
 120:/usr/lib/avr/include/util/delay.h ****    If the avr-gcc toolchain has __builtin_avr_delay_cycles(unsigned long)
 121:/usr/lib/avr/include/util/delay.h ****    support, maximal possible delay is 4294967.295 ms/ F_CPU in MHz. For
 122:/usr/lib/avr/include/util/delay.h ****    values greater than the maximal possible delay, overflows results in
 123:/usr/lib/avr/include/util/delay.h ****    no delay i.e., 0ms.
 124:/usr/lib/avr/include/util/delay.h **** 
 125:/usr/lib/avr/include/util/delay.h ****    Conversion of __us into clock cycles may not always result in integer.
 126:/usr/lib/avr/include/util/delay.h ****    By default, the clock cycles rounded up to next integer. This ensures that
 127:/usr/lib/avr/include/util/delay.h ****    the user gets atleast __us microseconds of delay.
 128:/usr/lib/avr/include/util/delay.h **** 
 129:/usr/lib/avr/include/util/delay.h ****    Alternatively, user can define __DELAY_ROUND_DOWN__ and __DELAY_ROUND_CLOSEST__
 130:/usr/lib/avr/include/util/delay.h ****    to round down and round to closest integer.
 131:/usr/lib/avr/include/util/delay.h **** 
 132:/usr/lib/avr/include/util/delay.h ****    Note: The new implementation of _delay_ms(double __ms) with 
 133:/usr/lib/avr/include/util/delay.h ****     __builtin_avr_delay_cycles(unsigned long) support is not backward compatible. 
 134:/usr/lib/avr/include/util/delay.h ****    User can define __DELAY_BACKWARD_COMPATIBLE__ to get a backward compatible delay.
 135:/usr/lib/avr/include/util/delay.h ****    Also, the backward compatible
 136:/usr/lib/avr/include/util/delay.h ****    algorithm will be chosen if the code is compiled in a <em>freestanding
 137:/usr/lib/avr/include/util/delay.h ****    environment</em> (GCC option \c -ffreestanding), as the math functions
 138:/usr/lib/avr/include/util/delay.h ****    required for rounding are not available to the compiler then.
 139:/usr/lib/avr/include/util/delay.h **** 
 140:/usr/lib/avr/include/util/delay.h ****  */
 141:/usr/lib/avr/include/util/delay.h **** void
 142:/usr/lib/avr/include/util/delay.h **** _delay_ms(double __ms)
 143:/usr/lib/avr/include/util/delay.h **** {
 144:/usr/lib/avr/include/util/delay.h **** 	double __tmp ; 
 145:/usr/lib/avr/include/util/delay.h **** #if __HAS_DELAY_CYCLES && defined(__OPTIMIZE__) && \
 146:/usr/lib/avr/include/util/delay.h ****   !defined(__DELAY_BACKWARD_COMPATIBLE__) &&	   \
 147:/usr/lib/avr/include/util/delay.h ****   __STDC_HOSTED__
 148:/usr/lib/avr/include/util/delay.h **** 	uint32_t __ticks_dc;
 149:/usr/lib/avr/include/util/delay.h **** 	extern void __builtin_avr_delay_cycles(unsigned long);
 150:/usr/lib/avr/include/util/delay.h **** 	__tmp = ((F_CPU) / 1e3) * __ms;
 151:/usr/lib/avr/include/util/delay.h **** 
 152:/usr/lib/avr/include/util/delay.h **** 	#if defined(__DELAY_ROUND_DOWN__)
 153:/usr/lib/avr/include/util/delay.h **** 		__ticks_dc = (uint32_t)fabs(__tmp);
 154:/usr/lib/avr/include/util/delay.h **** 
 155:/usr/lib/avr/include/util/delay.h **** 	#elif defined(__DELAY_ROUND_CLOSEST__)
 156:/usr/lib/avr/include/util/delay.h **** 		__ticks_dc = (uint32_t)(fabs(__tmp)+0.5);
 157:/usr/lib/avr/include/util/delay.h **** 
 158:/usr/lib/avr/include/util/delay.h **** 	#else
 159:/usr/lib/avr/include/util/delay.h **** 		//round up by default
 160:/usr/lib/avr/include/util/delay.h **** 		__ticks_dc = (uint32_t)(ceil(fabs(__tmp)));
 161:/usr/lib/avr/include/util/delay.h **** 	#endif
 162:/usr/lib/avr/include/util/delay.h **** 
 163:/usr/lib/avr/include/util/delay.h **** 	__builtin_avr_delay_cycles(__ticks_dc);
 127               		.stabn	68,0,163,.LM3-.LFBB1
 128               	.LM3:
 129 0006 2FE7      		ldi r18,lo8(399999)
 130 0008 3AE1      		ldi r19,hi8(399999)
 131 000a 96E0      		ldi r25,hlo8(399999)
 132 000c 2150      		1: subi r18,1
 133 000e 3040      		sbci r19,0
 134 0010 9040      		sbci r25,0
 135 0012 01F4      		brne 1b
 136 0014 00C0      		rjmp .
 137 0016 0000      		nop
 138               	.LBE7:
 139               	.LBE6:
 140               		.stabs	"main.c",132,0,0,.Ltext2
 141               	.Ltext2:
  24:main.c        ****         _delay_ms(500);     /* 0.5s delay */
  25:main.c        ****         PORTB = 0x00;       /* all leds off */
 142               		.stabn	68,0,25,.LM4-.LFBB1
 143               	.LM4:
 144 0018 18BA      		out 0x18,__zero_reg__
 145               	.LBB8:
 146               	.LBB9:
 147               		.stabs	"/usr/lib/avr/include/util/delay.h",132,0,0,.Ltext3
 148               	.Ltext3:
 149               		.stabn	68,0,163,.LM5-.LFBB1
 150               	.LM5:
 151 001a 2FE7      		ldi r18,lo8(399999)
 152 001c 3AE1      		ldi r19,hi8(399999)
 153 001e 96E0      		ldi r25,hlo8(399999)
 154 0020 2150      		1: subi r18,1
 155 0022 3040      		sbci r19,0
 156 0024 9040      		sbci r25,0
 157 0026 01F4      		brne 1b
 158 0028 00C0      		rjmp .
 159 002a 0000      		nop
 160 002c 00C0      		rjmp .L2
 161               	.LBE9:
 162               	.LBE8:
 163               		.size	main, .-main
 164               	.Lscope1:
 165               		.stabs	"",36,0,0,.Lscope1-.LFBB1
 166               		.stabd	78,0,0
 167               		.text
 168               		.stabs	"",100,0,0,.Letext0
 169               	.Letext0:
 170               		.ident	"GCC: (GNU) 4.8.1"
DEFINED SYMBOLS
                            *ABS*:0000000000000000 main.c
     /tmp/cclaDJQy.s:2      *ABS*:000000000000003e __SP_H__
     /tmp/cclaDJQy.s:3      *ABS*:000000000000003d __SP_L__
     /tmp/cclaDJQy.s:4      *ABS*:000000000000003f __SREG__
     /tmp/cclaDJQy.s:5      *ABS*:0000000000000000 __tmp_reg__
     /tmp/cclaDJQy.s:6      *ABS*:0000000000000001 __zero_reg__
     /tmp/cclaDJQy.s:106    .text.startup:0000000000000000 main

NO UNDEFINED SYMBOLS
